libsoup-2.4.vapi:1146.3-1146.12: warning: [Deprecated] is deprecated. Use [Version (deprecated = true, deprecated_since = "", replacement = "")]
libsoup-2.4.vapi:1260.3-1260.12: warning: [Deprecated] is deprecated. Use [Version (deprecated = true, deprecated_since = "", replacement = "")]
libsoup-2.4.vapi:1931.3-1931.12: warning: [Deprecated] is deprecated. Use [Version (deprecated = true, deprecated_since = "", replacement = "")]
libsoup-2.4.vapi:1934.3-1934.12: warning: [Deprecated] is deprecated. Use [Version (deprecated = true, deprecated_since = "", replacement = "")]
libsoup-2.4.vapi:1937.3-1937.12: warning: [Deprecated] is deprecated. Use [Version (deprecated = true, deprecated_since = "", replacement = "")]
libsoup-2.4.vapi:1940.3-1940.12: warning: [Deprecated] is deprecated. Use [Version (deprecated = true, deprecated_since = "", replacement = "")]
libsoup-2.4.vapi:1943.3-1943.12: warning: [Deprecated] is deprecated. Use [Version (deprecated = true, deprecated_since = "", replacement = "")]
libsoup-2.4.vapi:1946.3-1946.12: warning: [Deprecated] is deprecated. Use [Version (deprecated = true, deprecated_since = "", replacement = "")]
libsoup-2.4.vapi:1949.3-1949.12: warning: [Deprecated] is deprecated. Use [Version (deprecated = true, deprecated_since = "", replacement = "")]
libsoup-2.4.vapi:1952.3-1952.12: warning: [Deprecated] is deprecated. Use [Version (deprecated = true, deprecated_since = "", replacement = "")]
libsoup-2.4.vapi:1955.3-1955.12: warning: [Deprecated] is deprecated. Use [Version (deprecated = true, deprecated_since = "", replacement = "")]
libsoup-2.4.vapi:1958.3-1958.12: warning: [Deprecated] is deprecated. Use [Version (deprecated = true, deprecated_since = "", replacement = "")]
libsoup-2.4.vapi:2000.3-2000.12: warning: [Deprecated] is deprecated. Use [Version (deprecated = true, deprecated_since = "", replacement = "")]
libsoup-2.4.vapi:2003.3-2003.12: warning: [Deprecated] is deprecated. Use [Version (deprecated = true, deprecated_since = "", replacement = "")]
libsoup-2.4.vapi:2006.3-2006.12: warning: [Deprecated] is deprecated. Use [Version (deprecated = true, deprecated_since = "", replacement = "")]
libsoup-2.4.vapi:2076.3-2076.12: warning: [Deprecated] is deprecated. Use [Version (deprecated = true, deprecated_since = "", replacement = "")]
libsoup-2.4.vapi:2080.3-2080.12: warning: [Deprecated] is deprecated. Use [Version (deprecated = true, deprecated_since = "", replacement = "")]
libsoup-2.4.vapi:2083.3-2083.12: warning: [Deprecated] is deprecated. Use [Version (deprecated = true, deprecated_since = "", replacement = "")]
libsoup-2.4.vapi:2086.3-2086.12: warning: [Deprecated] is deprecated. Use [Version (deprecated = true, deprecated_since = "", replacement = "")]
libsoup-2.4.vapi:2089.3-2089.12: warning: [Deprecated] is deprecated. Use [Version (deprecated = true, deprecated_since = "", replacement = "")]
libsoup-2.4.vapi:2092.3-2092.12: warning: [Deprecated] is deprecated. Use [Version (deprecated = true, deprecated_since = "", replacement = "")]
libsoup-2.4.vapi:2095.3-2095.12: warning: [Deprecated] is deprecated. Use [Version (deprecated = true, deprecated_since = "", replacement = "")]
libsoup-2.4.vapi:2098.3-2098.12: warning: [Deprecated] is deprecated. Use [Version (deprecated = true, deprecated_since = "", replacement = "")]
libsoup-2.4.vapi:2101.3-2101.12: warning: [Deprecated] is deprecated. Use [Version (deprecated = true, deprecated_since = "", replacement = "")]
libsoup-2.4.vapi:2104.3-2104.12: warning: [Deprecated] is deprecated. Use [Version (deprecated = true, deprecated_since = "", replacement = "")]
libsoup-2.4.vapi:2107.3-2107.12: warning: [Deprecated] is deprecated. Use [Version (deprecated = true, deprecated_since = "", replacement = "")]
libsoup-2.4.vapi:2111.3-2111.12: warning: [Deprecated] is deprecated. Use [Version (deprecated = true, deprecated_since = "", replacement = "")]
Bot.vala:116.32-116.58: warning: unhandled error `GLib.Error'
            var stream = yield sess.send_async (msg, null);
                               ^^^^^^^^^^^^^^^^^^^^^^^^^^^
Bot.vala:118.23-118.64: warning: unhandled error `GLib.Error'
            if (yield json.load_from_stream_async (stream, null)) {
                      ^^^^^^^^^^^^^^^^^^^^^^^^^^^^^^^^^^^^^^^^^^
Bot.vala:41.40-41.52: warning: Access to static member `ToxVapi.Bot.BOT_NAME' with an instance reference
            this.handle.self_set_name (this.BOT_NAME.data, null);
                                       ^^^^^^^^^^^^^
Bot.vala:42.50-42.62: warning: Access to static member `ToxVapi.Bot.BOT_MOOD' with an instance reference
            this.handle.self_set_status_message (this.BOT_MOOD.data, null);
                                                 ^^^^^^^^^^^^^
Bot.vala:250.20-250.61: warning: unhandled error `GLib.FileError'
            return FileUtils.set_data (this.TOX_SAVE, buffer);
                   ^^^^^^^^^^^^^^^^^^^^^^^^^^^^^^^^^^^^^^^^^^
Bot.vala:31.17-31.77: warning: unhandled error `GLib.FileError'
                FileUtils.get_data (this.TOX_SAVE, out options.savedata_data);
                ^^^^^^^^^^^^^^^^^^^^^^^^^^^^^^^^^^^^^^^^^^^^^^^^^^^^^^^^^^^^^
Bot.vala:224.17-224.80: warning: local variable `name' declared but never used
            var name = this.handle.friend_get_name (friend_number, result, null);
                ^^^^^^^^^^^^^^^^^^^^^^^^^^^^^^^^^^^^^^^^^^^^^^^^^^^^^^^^^^^^^^^^
/home/idk/Projects/tox-vapi/Bot.vala: In function ‘tox_vapi_bot_construct’:
/home/idk/Projects/tox-vapi/Bot.vala:31:36: warning: passing argument 1 of ‘g_free’ discards ‘const’ qualifier from pointer target type [-Wdiscarded-qualifiers]
                 FileUtils.get_data (this.TOX_SAVE, out options.savedata_data);
                                    ^~~~~~
In file included from /usr/include/glib-2.0/glib/glist.h:32:0,
                 from /usr/include/glib-2.0/glib/ghash.h:33,
                 from /usr/include/glib-2.0/glib.h:50,
                 from /home/idk/Projects/tox-vapi/Bot.vala.c:5:
/usr/include/glib-2.0/glib/gmem.h:71:7: note: expected ‘gpointer {aka void *}’ but argument is of type ‘const uint8_t * {aka const unsigned char *}’
 void  g_free           (gpointer  mem);
       ^~~~~~
/home/idk/Projects/tox-vapi/Bot.vala:62:40: warning: passing argument 2 of ‘tox_callback_friend_message’ from incompatible pointer type [-Wincompatible-pointer-types]
             this.handle.callback_friend_message (this.on_friend_message);
                                        ^~~~~~~~~~~~~~~~~~~~~~~~~~~~~~~~~~                   
In file included from /home/idk/Projects/tox-vapi/Bot.vala.c:9:0:
/usr/include/tox/tox.h:1570:6: note: expected ‘void (*)(Tox *, uint32_t,  TOX_MESSAGE_TYPE,  const uint8_t *, size_t,  void *) {aka void (*)(struct Tox *, unsigned int,  enum TOX_MESSAGE_TYPE,  const unsigned char *, long unsigned int,  void *)}’ but argument is of type ‘void (*)(Tox *, guint32,  TOX_MESSAGE_TYPE,  guint8 *, size_t,  void *) {aka void (*)(struct Tox *, unsigned int,  enum TOX_MESSAGE_TYPE,  unsigned char *, long unsigned int,  void *)}’
 void tox_callback_friend_message(Tox *tox, tox_friend_message_cb *callback, void *user_data);
      ^~~~~~~~~~~~~~~~~~~~~~~~~~~
/home/idk/Projects/tox-vapi/Bot.vala:63:40: warning: passing argument 2 of ‘tox_callback_friend_request’ from incompatible pointer type [-Wincompatible-pointer-types]
             this.handle.callback_friend_request (this.on_friend_request);
                                        ^~~~~~~~~~~~~~~~~~~~~~~~~~~~~~~~~~                   
In file included from /home/idk/Projects/tox-vapi/Bot.vala.c:9:0:
/usr/include/tox/tox.h:1551:6: note: expected ‘void (*)(Tox *, const uint8_t *, const uint8_t *, size_t,  void *) {aka void (*)(struct Tox *, const unsigned char *, const unsigned char *, long unsigned int,  void *)}’ but argument is of type ‘void (*)(Tox *, guint8 *, guint8 *, size_t,  void *) {aka void (*)(struct Tox *, unsigned char *, unsigned char *, long unsigned int,  void *)}’
 void tox_callback_friend_request(Tox *tox, tox_friend_request_cb *callback, void *user_data);
      ^~~~~~~~~~~~~~~~~~~~~~~~~~~
/home/idk/Projects/tox-vapi/Bot.vala:70:39: warning: passing argument 2 of ‘tox_callback_group_message’ from incompatible pointer type [-Wincompatible-pointer-types]
             this.handle.callback_group_message ((self, group_number, peer_number, message) => {
                                       ^~~~~~~~~~~~~~~~~~~~~~~~~~~~~~~~
In file included from /usr/include/tox/tox.h:2304:0,
                 from /home/idk/Projects/tox-vapi/Bot.vala.c:9:
/usr/include/tox/tox_old.h:28:6: note: expected ‘void (*)(Tox *, int,  int,  const uint8_t *, uint16_t,  void *) {aka void (*)(struct Tox *, int,  int,  const unsigned char *, short unsigned int,  void *)}’ but argument is of type ‘void (*)(Tox *, gint,  gint,  guint8 *, uint16_t,  void *) {aka void (*)(struct Tox *, int,  int,  unsigned char *, short unsigned int,  void *)}’
 void tox_callback_group_message(Tox *tox, void (*function)(Tox *tox, int, int, const uint8_t *, uint16_t, void *),
      ^~~~~~~~~~~~~~~~~~~~~~~~~~
/home/idk/Projects/tox-vapi/Bot.vala:79:38: warning: passing argument 2 of ‘tox_callback_group_action’ from incompatible pointer type [-Wincompatible-pointer-types]
             this.handle.callback_group_action ((self, group_number, peer_number, action) => {
                                      ^~~~~~~~~~~~~~~~~~~~~~~~~~~~~~~
In file included from /usr/include/tox/tox.h:2304:0,
                 from /home/idk/Projects/tox-vapi/Bot.vala.c:9:
/usr/include/tox/tox_old.h:35:6: note: expected ‘void (*)(Tox *, int,  int,  const uint8_t *, uint16_t,  void *) {aka void (*)(struct Tox *, int,  int,  const unsigned char *, short unsigned int,  void *)}’ but argument is of type ‘void (*)(Tox *, gint,  gint,  guint8 *, uint16_t,  void *) {aka void (*)(struct Tox *, int,  int,  unsigned char *, short unsigned int,  void *)}’
 void tox_callback_group_action(Tox *tox, void (*function)(Tox *tox, int, int, const uint8_t *, uint16_t, void *),
      ^~~~~~~~~~~~~~~~~~~~~~~~~
/home/idk/Projects/tox-vapi/Bot.vala:84:37: warning: passing argument 2 of ‘tox_callback_group_title’ from incompatible pointer type [-Wincompatible-pointer-types]
             this.handle.callback_group_title ((self, group_number, peer_number, title) => {
                                     ^~~~~~~~~~~~~~~~~~~~~~~~~~~~~~
In file included from /usr/include/tox/tox.h:2304:0,
                 from /home/idk/Projects/tox-vapi/Bot.vala.c:9:
/usr/include/tox/tox_old.h:43:6: note: expected ‘void (*)(Tox *, int,  int,  const uint8_t *, uint8_t,  void *) {aka void (*)(struct Tox *, int,  int,  const unsigned char *, unsigned char,  void *)}’ but argument is of type ‘void (*)(Tox *, gint,  gint,  guint8 *, int,  void *) {aka void (*)(struct Tox *, int,  int,  unsigned char *, int,  void *)}’
 void tox_callback_group_title(Tox *tox, void (*function)(Tox *tox, int, int, const uint8_t *, uint8_t,
      ^~~~~~~~~~~~~~~~~~~~~~~~
/home/idk/Projects/tox-vapi/Bot.vala: In function ‘tox_vapi_bot_bootstrap’:
/home/idk/Projects/tox-vapi/Bot.vala:4:2: warning: ‘g_simple_async_result_new’ is deprecated: Use 'g_task_new' instead [-Wdeprecated-declarations]
     public class Bot : Object {
  ^  ~~~
In file included from /usr/include/glib-2.0/gio/gio.h:117:0,
                 from /home/idk/Projects/tox-vapi/Bot.vala.c:11:
/usr/include/glib-2.0/gio/gsimpleasyncresult.h:51:21: note: declared here
 GSimpleAsyncResult *g_simple_async_result_new              (GObject                 *source_object,
                     ^~~~~~~~~~~~~~~~~~~~~~~~~
/home/idk/Projects/tox-vapi/Bot.vala:4:2: warning: ‘g_simple_async_result_set_op_res_gpointer’ is deprecated [-Wdeprecated-declarations]
     public class Bot : Object {
  ^  ~~~~~~~~~~~~~~~~~~~~~~~~~~~           
In file included from /usr/include/glib-2.0/gio/gio.h:117:0,
                 from /home/idk/Projects/tox-vapi/Bot.vala.c:11:
/usr/include/glib-2.0/gio/gsimpleasyncresult.h:75:21: note: declared here
 void                g_simple_async_result_set_op_res_gpointer (GSimpleAsyncResult      *simple,
                     ^~~~~~~~~~~~~~~~~~~~~~~~~~~~~~~~~~~~~~~~~
/home/idk/Projects/tox-vapi/Bot.vala: In function ‘tox_vapi_bot_bootstrap_finish’:
/home/idk/Projects/tox-vapi/Bot.vala:4:2: warning: ‘g_simple_async_result_get_op_res_gpointer’ is deprecated [-Wdeprecated-declarations]
     public class Bot : Object {
  ^  ~~~
In file included from /usr/include/glib-2.0/gio/gio.h:117:0,
                 from /home/idk/Projects/tox-vapi/Bot.vala.c:11:
/usr/include/glib-2.0/gio/gsimpleasyncresult.h:79:21: note: declared here
 gpointer            g_simple_async_result_get_op_res_gpointer (GSimpleAsyncResult      *simple);
                     ^~~~~~~~~~~~~~~~~~~~~~~~~~~~~~~~~~~~~~~~~
/home/idk/Projects/tox-vapi/Bot.vala: In function ‘tox_vapi_bot_bootstrap_co’:
/home/idk/Projects/tox-vapi/Bot.vala:113:3: warning: ‘g_simple_async_result_complete_in_idle’ is deprecated [-Wdeprecated-declarations]
         private async void bootstrap () {
   ^     ~~~~~~~~~~~~~~~~~~~~~~~~~~~~~~~~
In file included from /usr/include/glib-2.0/gio/gio.h:117:0,
                 from /home/idk/Projects/tox-vapi/Bot.vala.c:11:
/usr/include/glib-2.0/gio/gsimpleasyncresult.h:106:21: note: declared here
 void                g_simple_async_result_complete_in_idle (GSimpleAsyncResult      *simple);
                     ^~~~~~~~~~~~~~~~~~~~~~~~~~~~~~~~~~~~~~
/home/idk/Projects/tox-vapi/Bot.vala:113:3: warning: ‘g_simple_async_result_complete’ is deprecated [-Wdeprecated-declarations]
         private async void bootstrap () {
   ^     ~~~~~~~~~~~~~~~~~~~~~~~~
In file included from /usr/include/glib-2.0/gio/gio.h:117:0,
                 from /home/idk/Projects/tox-vapi/Bot.vala.c:11:
/usr/include/glib-2.0/gio/gsimpleasyncresult.h:104:21: note: declared here
 void                g_simple_async_result_complete         (GSimpleAsyncResult      *simple);
                     ^~~~~~~~~~~~~~~~~~~~~~~~~~~~~~
